<?xml version="1.0" encoding="UTF-8"?>
<testsuite name="DialingCodesTest" tests="12" skipped="0" failures="6" errors="0" timestamp="2025-05-21T04:43:37" hostname="HPWIN" time="0.093">
  <properties/>
  <testcase name="addNewDialingCode leaves already added code" classname="DialingCodesTest" time="0.021">
    <failure message="java.lang.UnsupportedOperationException: Delete this statement and write your own implementation." type="java.lang.UnsupportedOperationException">java.lang.UnsupportedOperationException: Delete this statement and write your own implementation.
	at DialingCodes.addNewDialingCode(DialingCodes.java:21)
	at DialingCodesTest.testAddNewDialingCodeLeavesExistingCode(DialingCodesTest.java:92)
	at java.base/java.lang.reflect.Method.invoke(Method.java:580)
	at java.base/java.util.ArrayList.forEach(ArrayList.java:1597)
	at java.base/java.util.ArrayList.forEach(ArrayList.java:1597)
</failure>
  </testcase>
  <testcase name="setDialingCode updates existing entry" classname="DialingCodesTest" time="0.048"/>
  <testcase name="getCountry returns a code's country" classname="DialingCodesTest" time="0.003"/>
  <testcase name="addNewDialingCode adds new codes" classname="DialingCodesTest" time="0.002">
    <failure message="java.lang.UnsupportedOperationException: Delete this statement and write your own implementation." type="java.lang.UnsupportedOperationException">java.lang.UnsupportedOperationException: Delete this statement and write your own implementation.
	at DialingCodes.addNewDialingCode(DialingCodes.java:21)
	at DialingCodesTest.testAddNewDialingCodeAddsNewCodes(DialingCodesTest.java:80)
	at java.base/java.lang.reflect.Method.invoke(Method.java:580)
	at java.base/java.util.ArrayList.forEach(ArrayList.java:1597)
	at java.base/java.util.ArrayList.forEach(ArrayList.java:1597)
</failure>
  </testcase>
  <testcase name="setDialingCode with multiple entries" classname="DialingCodesTest" time="0.0"/>
  <testcase name="findDialingCode returns null for country not yet added" classname="DialingCodesTest" time="0.002">
    <failure message="java.lang.UnsupportedOperationException: Delete this statement and write your own implementation." type="java.lang.UnsupportedOperationException">java.lang.UnsupportedOperationException: Delete this statement and write your own implementation.
	at DialingCodes.addNewDialingCode(DialingCodes.java:21)
	at DialingCodesTest.testFindDialingCodeWithUnlistedCountry(DialingCodesTest.java:126)
	at java.base/java.lang.reflect.Method.invoke(Method.java:580)
	at java.base/java.util.ArrayList.forEach(ArrayList.java:1597)
	at java.base/java.util.ArrayList.forEach(ArrayList.java:1597)
</failure>
  </testcase>
  <testcase name="updateDialingCode updates the map" classname="DialingCodesTest" time="0.002">
    <failure message="java.lang.UnsupportedOperationException: Delete this statement and write your own implementation." type="java.lang.UnsupportedOperationException">java.lang.UnsupportedOperationException: Delete this statement and write your own implementation.
	at DialingCodes.addNewDialingCode(DialingCodes.java:21)
	at DialingCodesTest.testUpdateDialingCode(DialingCodesTest.java:136)
	at java.base/java.lang.reflect.Method.invoke(Method.java:580)
	at java.base/java.util.ArrayList.forEach(ArrayList.java:1597)
	at java.base/java.util.ArrayList.forEach(ArrayList.java:1597)
</failure>
  </testcase>
  <testcase name="getCodes initially returns an empty map" classname="DialingCodesTest" time="0.001"/>
  <testcase name="findDialingCode returns a country's dialing code" classname="DialingCodesTest" time="0.001">
    <failure message="java.lang.UnsupportedOperationException: Delete this statement and write your own implementation." type="java.lang.UnsupportedOperationException">java.lang.UnsupportedOperationException: Delete this statement and write your own implementation.
	at DialingCodes.addNewDialingCode(DialingCodes.java:21)
	at DialingCodesTest.testFindDialingCode(DialingCodesTest.java:116)
	at java.base/java.lang.reflect.Method.invoke(Method.java:580)
	at java.base/java.util.ArrayList.forEach(ArrayList.java:1597)
	at java.base/java.util.ArrayList.forEach(ArrayList.java:1597)
</failure>
  </testcase>
  <testcase name="getCountry returns updated country" classname="DialingCodesTest" time="0.001"/>
  <testcase name="addNewDialingCode leaves already added country" classname="DialingCodesTest" time="0.001">
    <failure message="java.lang.UnsupportedOperationException: Delete this statement and write your own implementation." type="java.lang.UnsupportedOperationException">java.lang.UnsupportedOperationException: Delete this statement and write your own implementation.
	at DialingCodes.addNewDialingCode(DialingCodes.java:21)
	at DialingCodesTest.testAddNewDialingCodeLeavesExistingCountry(DialingCodesTest.java:105)
	at java.base/java.lang.reflect.Method.invoke(Method.java:580)
	at java.base/java.util.ArrayList.forEach(ArrayList.java:1597)
	at java.base/java.util.ArrayList.forEach(ArrayList.java:1597)
</failure>
  </testcase>
  <testcase name="setDialingCode adds new entry" classname="DialingCodesTest" time="0.001"/>
  <system-out><![CDATA[]]></system-out>
  <system-err><![CDATA[]]></system-err>
</testsuite>
