<?xml version='1.0' encoding='UTF-8'?>
<testsuite hostname="HpWin" name="TriangleTest" tests="17" errors="0" failures="0" skipped="0" time="0.017" timestamp="2024-12-26T13:51:54">
          <properties>
      <property name="java.specification.version" value="23"/><property name="sun.cpu.isalist" value="amd64"/><property name="sun.jnu.encoding" value="Cp1252"/><property name="java.class.path" value="C:\Users\NguyenToan\AppData\Local\Coursier\cache\arc\https\github.com\sbt\sbt\releases\download\v1.10.7\sbt-1.10.7.zip\sbt\bin\sbt-launch.jar"/><property name="java.vm.vendor" value="Oracle Corporation"/><property name="sun.arch.data.model" value="64"/><property name="user.variant" value=""/><property name="jline.shutdownhook" value="false"/><property name="java.vendor.url" value="https://java.oracle.com/"/><property name="user.timezone" value="Asia/Bangkok"/><property name="java.vm.specification.version" value="23"/><property name="os.name" value="Windows 10"/><property name="sun.java.launcher" value="SUN_STANDARD"/><property name="user.country" value="GB"/><property name="sun.boot.library.path" value="C:\Program Files\Java\jdk-23\bin"/><property name="sun.java.command" value="xsbt.boot.Boot test"/><property name="jdk.debug" value="release"/><property name="sun.cpu.endian" value="little"/><property name="user.home" value="C:\Users\NguyenToan"/><property name="user.language" value="en"/><property name="java.specification.vendor" value="Oracle Corporation"/><property name="sbt.ipcsocket.tmpdir" value="C:\Users\NguyenToan\AppData\Local\Temp\.sbtf8573eef\ipcsocket"/><property name="swoval.tmpdir" value="C:\Users\NguyenToan\AppData\Local\Temp\.sbtf8573eef\swoval"/><property name="java.version.date" value="2024-10-15"/><property name="java.home" value="C:\Program Files\Java\jdk-23"/><property name="file.separator" value="\"/><property name="java.vm.compressedOopsMode" value="32-bit"/><property name="line.separator" value="
"/><property name="java.vm.specification.vendor" value="Oracle Corporation"/><property name="java.specification.name" value="Java Platform API Specification"/><property name="user.script" value=""/><property name="jline.esc.timeout" value="0"/><property name="sun.management.compiler" value="HotSpot 64-Bit Tiered Compilers"/><property name="java.runtime.version" value="23.0.1+11-39"/><property name="user.name" value="NguyenToan"/><property name="stdout.encoding" value="cp437"/><property name="path.separator" value=";"/><property name="os.version" value="10.0"/><property name="jna.nosys" value="true"/><property name="java.runtime.name" value="Java(TM) SE Runtime Environment"/><property name="log4j.ignoreTCL" value="true"/><property name="file.encoding" value="UTF-8"/><property name="jnidispatch.path" value="C:\Users\NguyenToan\AppData\Local\Temp\jna-1127485614\jna13413498414772705059.dll"/><property name="java.vm.name" value="Java HotSpot(TM) 64-Bit Server VM"/><property name="jna.loaded" value="true"/><property name="java.vendor.url.bug" value="https://bugreport.java.com/bugreport/"/><property name="java.io.tmpdir" value="C:\Users\NguyenToan\AppData\Local\Temp\"/><property name="java.version" value="23.0.1"/><property name="user.dir" value="D:\Work\Project\Exercism\scala\triangle"/><property name="os.arch" value="amd64"/><property name="java.vm.specification.name" value="Java Virtual Machine Specification"/><property name="sun.os.patch.level" value=""/><property name="native.encoding" value="Cp1252"/><property name="java.library.path" value="C:\Program Files\Java\jdk-23\bin;C:\Windows\Sun\Java\bin;C:\Windows\system32;C:\Windows;C:\Program Files\Java\jdk-23\bin;C:\Program Files\PowerShell\7;C:\Program Files\Common Files\Oracle\Java\javapath;C:\Windows\system32;C:\Windows;C:\Windows\System32\WindowsPowerShell\v1.0\;C:\Program Files\Microsoft SQL Server\Client SDK\ODBC\170\Tools\Binn\;C:\Program Files (x86)\Microsoft SQL Server\150\Tools\Binn\;C:\Program Files\Microsoft SQL Server\150\Tools\Binn\;C:\Program Files\Microsoft SQL Server\150\DTS\Binn\;C:\Program Files\Git\cmd;C:\Users\NguyenToan\AppData\Roaming\nvm;C:\Program Files\nodejs;C:\Users\NguyenToan\AppData\Local\oh-my-posh;C:\Program Files (x86)\Microsoft SQL Server\160\Tools\Binn\;C:\Users\NguyenToan\AppData\Local\pnpm\global\5\node_modules\@angular\cli\bin;C:\Users\NguyenToan\AppData\Local\pnpm;C:\Users\NguyenToan\AppData\Roaming\npm\node_modules\@angular\cli\bin;C:\User;C:\Users\NguyenToan\scoop\apps\scoop\new\bin\shims;C:\Users\NguyenToan\scoop\apps\scoop\new\bin\apps\elixir\current\bin;C:\Users\NguyenToan\AppData\Local\nvim-data\mason\packages\elixir-ls;C:\Program Files\MariaDB 11.4\bin;C:\Users\NguyenToan\AppData\Local\Vivaldi\Application;C:\Users\NguyenToan\rebar3;C:\Program Files\PowerShell\7\;C:\Program Files (x86)\Windows Kits\10\Windows Performance Toolkit\;C:\Program Files\Docker\Docker\resources\bin;C:\Program Files\Java\jdk-23\bin;;C:\Users\NguyenToan\AppData\Local\Programs\oh-my-posh\bin\;C:\Users\NguyenToan\go\bin;C:\Users\NguyenToan\scoop\apps\scoop\new\bin\apps\elixir\current\bin;C:\Users\NguyenToan\.cargo\bin;C:\Users\NguyenToan\scoop\apps\scoop\new\bin\apps\openssl\current\bin;C:\Users\NguyenToan\scoop\apps\scoop\new\bin\apps\nodejs\current\bin;C:\Users\NguyenToan\scoop\apps\scoop\new\bin\apps\nodejs\current;C:\Users\NguyenToan\scoop\apps\scoop\new\bin\apps\llvm\current\bin;C:\Users\NguyenToan\scoop\apps\scoop\new\bin\apps\python\current\Scripts;C:\Users\NguyenToan\scoop\apps\scoop\new\bin\apps\python\current;C:\Users\NguyenToan\AppData\Local\pnpm;C:\Users\NguyenToan\scoop\apps\scoop\new\bin\apps\pyenv\current\pyenv-win\bin;C:\Users\NguyenToan\scoop\apps\scoop\new\bin\apps\pyenv\current\pyenv-win\shims;C:\Users\NguyenToan/.local/bin;C:\Windows\system32;C:\Windows;C:\Windows\System32\Wbem;C:\Windows\System32\WindowsPowerShell\v1.0\;C:\Windows\System32\OpenSSH\;C:\Program Files\Microsoft SQL Server\Client SDK\ODBC\170\Tools\Binn\;C:\Program Files (x86)\Microsoft SQL Server\150\Tools\Binn\;C:\Program Files\Microsoft SQL Server\150\Tools\Binn\;C:\Program Files\Microsoft SQL Server\150\DTS\Binn\;C:\Program Files\Git\cmd;C:\ProgramData\chocolatey\bin;C:\Users\NguyenToan\AppData\Roaming\nvm;C:\Program Files\nodejs;C:\Program Files\nodejs\;C:\Users\NguyenToan\AppData\Local\oh-my-posh;C:\Program Files (x86)\Microsoft SQL Server\160\Tools\Binn\;C:\Users\NguyenToan\AppData\Local\pnpm\global\5\node_modules\@angular\cli\bin;C:\Users\NguyenToan\AppData\Local\pnpm;C:\Users\NguyenToan\AppData\Roaming\npm\node_modules\@angular\cli\bin;C:\User;C:\Users\NguyenToan\scoop\apps\scoop\new\bin\shims;C:\Users\NguyenToan\AppData\Local\nvim-data\mason\packages\elixir-ls\;C:\Users\NguyenToan\.dotnet\tools;C:\Program Files\MariaDB 11.4\bin;C:\Users\NguyenToan\.fly\bin;C:\Users\NguyenToan\.rebar3;C:\Users\NguyenToan\.terraform;C:\Users\NguyenToan\terraformls;C:\Users\NguyenToan\AppData\Local\Coursier\data\bin;C:\Program Files\Java\jdk-23\bin;;."/><property name="java.vm.info" value="mixed mode, sharing"/><property name="stderr.encoding" value="cp437"/><property name="java.vendor" value="Oracle Corporation"/><property name="java.vm.version" value="23.0.1+11-39"/><property name="scala.ext.dirs" value="C:\Users\NguyenToan\.sbt\1.0\java9-rt-ext-oracle_corporation_23_0_1"/><property name="sun.io.unicode.encoding" value="UnicodeLittle"/><property name="java.class.version" value="67.0"/>
    </properties>
          <testcase classname="TriangleTest" name="equilateral - true if all sides are equal" time="0.013">
                      
                    </testcase><testcase classname="TriangleTest" name="equilateral - false if any side is unequal" time="0.0">
                      
                    </testcase><testcase classname="TriangleTest" name="equilateral - false if no sides are equal" time="0.001">
                      
                    </testcase><testcase classname="TriangleTest" name="equilateral - All zero sides are illegal, so the triangle is not equilateral" time="0.0">
                      
                    </testcase><testcase classname="TriangleTest" name="equilateral - sides may be floats" time="0.001">
                      
                    </testcase><testcase classname="TriangleTest" name="isosceles - true if last two sides are equal" time="0.0">
                      
                    </testcase><testcase classname="TriangleTest" name="isosceles - true if first two sides are equal" time="0.001">
                      
                    </testcase><testcase classname="TriangleTest" name="isosceles - true if first and last sides are equal" time="0.0">
                      
                    </testcase><testcase classname="TriangleTest" name="isosceles - equilateral triangles are also isosceles" time="0.0">
                      
                    </testcase><testcase classname="TriangleTest" name="isosceles - false if no sides are equal" time="0.0">
                      
                    </testcase><testcase classname="TriangleTest" name="isosceles - Sides that violate triangle inequality are not isosceles, even if two are equal" time="0.0">
                      
                    </testcase><testcase classname="TriangleTest" name="isosceles - sides may be floats" time="0.0">
                      
                    </testcase><testcase classname="TriangleTest" name="scalene - true if no sides are equal" time="0.0">
                      
                    </testcase><testcase classname="TriangleTest" name="scalene - false if all sides are equal" time="0.001">
                      
                    </testcase><testcase classname="TriangleTest" name="scalene - false if two sides are equal" time="0.0">
                      
                    </testcase><testcase classname="TriangleTest" name="scalene - Sides that violate triangle inequality are not scalene, even if they are all different" time="0.0">
                      
                    </testcase><testcase classname="TriangleTest" name="scalene - sides may be floats" time="0.0">
                      
                    </testcase>
          <system-out><![CDATA[]]></system-out>
          <system-err><![CDATA[]]></system-err>
        </testsuite>