<?xml version='1.0' encoding='UTF-8'?>
<testsuite hostname="pop-os" name="BobTest" tests="25" errors="0" failures="0" skipped="0" time="0.013" timestamp="2024-12-26T20:36:07">
          <properties>
      <property name="java.specification.version" value="23"/><property name="sun.jnu.encoding" value="UTF-8"/><property name="java.class.path" value="/home/nt2311/.cache/coursier/arc/https/github.com/sbt/sbt/releases/download/v1.10.7/sbt-1.10.7.zip/sbt/bin/sbt-launch.jar"/><property name="java.vm.vendor" value="Homebrew"/><property name="sun.arch.data.model" value="64"/><property name="jline.shutdownhook" value="false"/><property name="java.vendor.url" value="https://github.com/Homebrew/homebrew-core/issues"/><property name="user.timezone" value="Asia/Ho_Chi_Minh"/><property name="java.vm.specification.version" value="23"/><property name="os.name" value="Linux"/><property name="sun.java.launcher" value="SUN_STANDARD"/><property name="user.country" value="US"/><property name="sun.boot.library.path" value="/home/linuxbrew/.linuxbrew/Cellar/openjdk/23.0.1/libexec/lib"/><property name="sun.java.command" value="/home/nt2311/.cache/coursier/arc/https/github.com/sbt/sbt/releases/download/v1.10.7/sbt-1.10.7.zip/sbt/bin/sbt-launch.jar test"/><property name="jdk.debug" value="release"/><property name="sun.cpu.endian" value="little"/><property name="user.home" value="/home/nt2311"/><property name="user.language" value="en"/><property name="sbt.script" value="/home/nt2311/.cache/coursier/arc/https/github.com/sbt/sbt/releases/download/v1.10.7/sbt-1.10.7.zip/sbt/bin/sbt"/><property name="java.specification.vendor" value="Oracle Corporation"/><property name="sbt.ipcsocket.tmpdir" value="/run/user/1000/.sbt75a5b4fe/ipcsocket"/><property name="swoval.tmpdir" value="/run/user/1000/.sbt75a5b4fe/swoval"/><property name="java.version.date" value="2024-10-15"/><property name="java.home" value="/home/linuxbrew/.linuxbrew/Cellar/openjdk/23.0.1/libexec"/><property name="file.separator" value="/"/><property name="java.vm.compressedOopsMode" value="32-bit"/><property name="line.separator" value="
"/><property name="java.vm.specification.vendor" value="Oracle Corporation"/><property name="java.specification.name" value="Java Platform API Specification"/><property name="jline.esc.timeout" value="0"/><property name="sun.management.compiler" value="HotSpot 64-Bit Tiered Compilers"/><property name="java.runtime.version" value="23.0.1"/><property name="user.name" value="nt2311"/><property name="stdout.encoding" value="UTF-8"/><property name="path.separator" value=":"/><property name="os.version" value="6.9.3-76060903-generic"/><property name="jna.nosys" value="true"/><property name="java.runtime.name" value="OpenJDK Runtime Environment"/><property name="log4j.ignoreTCL" value="true"/><property name="file.encoding" value="UTF-8"/><property name="jnidispatch.path" value="/home/nt2311/.cache/JNA/temp/jna4844619585206176088.tmp"/><property name="java.vm.name" value="OpenJDK 64-Bit Server VM"/><property name="jna.platform.library.path" value="/usr/lib/x86_64-linux-gnu:/lib/x86_64-linux-gnu:/usr/lib64:/lib64:/usr/lib:/lib:/lib/i386-linux-gnu:/usr/lib/x86_64-linux-gnu/pipewire-0.3/jack:/usr/lib/x86_64-linux-gnu/libfakeroot"/><property name="java.vendor.version" value="Homebrew"/><property name="jna.loaded" value="true"/><property name="java.vendor.url.bug" value="https://github.com/Homebrew/homebrew-core/issues"/><property name="java.io.tmpdir" value="/tmp"/><property name="java.version" value="23.0.1"/><property name="user.dir" value="/home/nt2311/Projects/exercisim/scala/bob"/><property name="os.arch" value="amd64"/><property name="java.vm.specification.name" value="Java Virtual Machine Specification"/><property name="native.encoding" value="UTF-8"/><property name="java.library.path" value="/usr/java/packages/lib:/usr/lib64:/lib64:/lib:/usr/lib"/><property name="java.vm.info" value="mixed mode, sharing"/><property name="stderr.encoding" value="UTF-8"/><property name="java.vendor" value="Homebrew"/><property name="java.vm.version" value="23.0.1"/><property name="scala.ext.dirs" value="/home/nt2311/.sbt/1.0/java9-rt-ext-homebrew_23_0_1"/><property name="sun.io.unicode.encoding" value="UnicodeLittle"/><property name="java.class.version" value="67.0"/>
    </properties>
          <testcase classname="BobTest" name="stating something" time="0.011">
                      
                    </testcase><testcase classname="BobTest" name="shouting" time="0.0">
                      
                    </testcase><testcase classname="BobTest" name="shouting gibberish" time="0.0">
                      
                    </testcase><testcase classname="BobTest" name="asking a question" time="0.0">
                      
                    </testcase><testcase classname="BobTest" name="asking a numeric question" time="0.0">
                      
                    </testcase><testcase classname="BobTest" name="asking gibberish" time="0.0">
                      
                    </testcase><testcase classname="BobTest" name="talking forcefully" time="0.0">
                      
                    </testcase><testcase classname="BobTest" name="using acronyms in regular speech" time="0.0">
                      
                    </testcase><testcase classname="BobTest" name="forceful question" time="0.0">
                      
                    </testcase><testcase classname="BobTest" name="shouting numbers" time="0.001">
                      
                    </testcase><testcase classname="BobTest" name="no letters" time="0.0">
                      
                    </testcase><testcase classname="BobTest" name="question with no letters" time="0.001">
                      
                    </testcase><testcase classname="BobTest" name="shouting with special characters" time="0.0">
                      
                    </testcase><testcase classname="BobTest" name="shouting with no exclamation mark" time="0.0">
                      
                    </testcase><testcase classname="BobTest" name="statement containing question mark" time="0.0">
                      
                    </testcase><testcase classname="BobTest" name="non-letters with question" time="0.0">
                      
                    </testcase><testcase classname="BobTest" name="prattling on" time="0.0">
                      
                    </testcase><testcase classname="BobTest" name="silence" time="0.0">
                      
                    </testcase><testcase classname="BobTest" name="prolonged silence" time="0.0">
                      
                    </testcase><testcase classname="BobTest" name="alternate silence" time="0.0">
                      
                    </testcase><testcase classname="BobTest" name="multiple line question" time="0.0">
                      
                    </testcase><testcase classname="BobTest" name="starting with whitespace" time="0.0">
                      
                    </testcase><testcase classname="BobTest" name="ending with whitespace" time="0.0">
                      
                    </testcase><testcase classname="BobTest" name="other whitespace" time="0.0">
                      
                    </testcase><testcase classname="BobTest" name="non-question ending with whitespace" time="0.0">
                      
                    </testcase>
          <system-out><![CDATA[]]></system-out>
          <system-err><![CDATA[]]></system-err>
        </testsuite>