<?xml version="1.0" encoding="UTF-8"?>
<testsuite name="MicroBlogTest" tests="12" skipped="0" failures="0" errors="0" timestamp="2023-12-27T06:44:11" hostname="D01-ACLT-100607" time="0.048">
  <properties/>
  <testcase name="germanLanguageShort_broth" classname="MicroBlogTest" time="0.044"/>
  <testcase name="bulgarianLanguageShort_good" classname="MicroBlogTest" time="0.0"/>
  <testcase name="mathsShort" classname="MicroBlogTest" time="0.0"/>
  <testcase name="englishLanguageShort" classname="MicroBlogTest" time="0.0"/>
  <testcase name="royalFlush" classname="MicroBlogTest" time="0.0"/>
  <testcase name="englishLanguageLong" classname="MicroBlogTest" time="0.0"/>
  <testcase name="germanLanguageLong_bearCarpet_to_beards" classname="MicroBlogTest" time="0.0"/>
  <testcase name="greekLanguageShort_health" classname="MicroBlogTest" time="0.0"/>
  <testcase name="emojiShort" classname="MicroBlogTest" time="0.0"/>
  <testcase name="mathsLong" classname="MicroBlogTest" time="0.0"/>
  <testcase name="englishAndEmojiShort" classname="MicroBlogTest" time="0.0"/>
  <testcase name="emojiLong" classname="MicroBlogTest" time="0.0"/>
  <system-out><![CDATA[]]></system-out>
  <system-err><![CDATA[]]></system-err>
</testsuite>
